2026-01-18 10:35:09 | INFO | Coletando Timeform (forecast + verdict)...
2026-01-18 10:35:09 | INFO | Iniciando raspagem Timeform (cards do dia).
2026-01-18 10:36:30 | WARNING | Betting Forecast não encontrado: Hove 17:31
2026-01-18 10:40:32 | INFO | Raspagem Timeform concluida. Corridas processadas: 116 | com top3: 115 | com betting forecast: 115 | puladas (passadas): 1
2026-01-18 10:40:32 | INFO | Distribuição de categorias (processadas): {'A3': 6, 'A7': 6, 'D3': 6, 'HP': 4, 'A5': 10, 'D2': 5, 'A8': 6, 'A4': 6, 'IV': 5, 'A9': 2, 'A6': 6, 'A2': 8, 'A10': 1, 'A1': 2, 'UNK': 1, 'OR': 23, 'S1': 1, 'D5': 3, 'D1': 1, 'D4': 3, 'B7': 1, 'B5': 1, 'B2': 4, 'B4': 3, 'D6': 2}
2026-01-18 10:40:34 | INFO | timeform_forecast salvo em C:\Users\marce\Desktop\MktFeeder\data\raw\timeform_forecast\timeform_forecast_2026-01-18.csv
2026-01-18 10:40:34 | INFO | TOP3 salvo em C:\Users\marce\Desktop\MktFeeder\data\output\top3\top3_2026-01-18.csv
2026-01-18 10:40:34 | INFO | FORECAST salvo em C:\Users\marce\Desktop\MktFeeder\data\output\forecast\forecast_2026-01-18.csv
2026-01-18 10:40:35 | INFO | Arquivo fixo MarketFeeder atualizado: C:\Users\marce\Desktop\MktFeeder\data\output\marketfeeder\import_selections.txt
2026-01-18 10:40:35 | INFO | Histórico diário salvo: C:\Users\marce\Desktop\MktFeeder\data\output\marketfeeder\history\import_selections_2026-01-18.txt
2026-01-18 10:40:35 | INFO | Auditoria salva: C:\Users\marce\Desktop\MktFeeder\data\output\marketfeeder\history\import_selections_2026-01-18_audit.csv
2026-01-18 10:40:35 | INFO | Seleções por strategy_tag: {'BACK': 228, 'LAY': 72}
2026-01-18 10:40:35 | INFO | Distribuição de categorias (exportadas): {'A3': 6, 'A7': 6, 'D3': 6, 'HP': 4, 'A5': 10, 'D2': 5, 'A8': 6, 'A4': 6, 'A9': 2, 'A6': 6, 'A2': 8, 'A10': 1, 'A1': 2, 'OR': 23, 'D5': 3, 'D1': 1, 'D4': 3, 'D6': 2}
2026-01-18 10:40:35 | INFO | Corridas ignoradas por categoria não elegível: 16 | categorias: {'IV': 5, 'UNK': 1, 'S1': 1, 'B7': 1, 'B5': 1, 'B2': 4, 'B4': 3}
2026-01-18 10:40:35 | INFO | Arquivos gerados: TOP3=(116, 8) | FORECAST=(116, 11) | MF_Fixo=C:\Users\marce\Desktop\MktFeeder\data\output\marketfeeder\import_selections.txt | MF_Hist=C:\Users\marce\Desktop\MktFeeder\data\output\marketfeeder\history\import_selections_2026-01-18.txt | Audit=C:\Users\marce\Desktop\MktFeeder\data\output\marketfeeder\history\import_selections_2026-01-18_audit.csv
2026-01-18 10:40:35 | INFO | Total de selecoes exportadas: 300
2026-01-18 10:40:35 | INFO | Resumo: corridas futuras exportadas=100 | corridas ignoradas (passadas)=1 | corridas ignoradas (forecast incompleto)=0 | selecoes=300
2026-01-18 10:40:35 | INFO | Selecoes por strategy_tag: {'BACK': 228, 'LAY': 72}
2026-01-18 10:40:35 | INFO | Corridas por strategy_tag: BACK=76 | LAY=24
2026-01-18 10:40:35 | INFO | Selecoes por strategy_tag: BACK=228 | LAY=72
2026-01-18 10:40:35 | INFO | Categorias exportadas (forecast elegível): {'A3': 6, 'A7': 6, 'D3': 6, 'HP': 4, 'A5': 10, 'D2': 5, 'A8': 6, 'A4': 6, 'A9': 2, 'A6': 6, 'A2': 8, 'A10': 1, 'A1': 2, 'OR': 23, 'D5': 3, 'D1': 1, 'D4': 3, 'D6': 2}
2026-01-18 10:40:35 | INFO | Corridas ignoradas por categoria não elegível: 16 | categorias: {'IV': 5, 'UNK': 1, 'S1': 1, 'B7': 1, 'B5': 1, 'B2': 4, 'B4': 3}
2026-01-18 10:40:35 | INFO | Corridas processadas pelo scrape: 116
2026-01-18 11:07:01 | INFO | Coletando Timeform (forecast + verdict)...
2026-01-18 11:07:01 | INFO | Iniciando raspagem Timeform (cards do dia).
2026-01-18 11:11:45 | INFO | Raspagem Timeform concluida. Corridas processadas: 112 | com top3: 112 | com betting forecast: 112 | puladas (passadas): 5
2026-01-18 11:11:45 | INFO | Distribuição de categorias (processadas): {'A3': 6, 'A7': 6, 'D3': 5, 'HP': 4, 'A5': 9, 'D2': 5, 'A8': 6, 'A4': 7, 'IV': 5, 'A9': 2, 'A6': 6, 'A2': 8, 'A10': 1, 'A1': 2, 'OR': 23, 'S1': 1, 'D5': 3, 'D1': 1, 'D4': 3, 'B2': 4, 'B4': 3, 'D6': 2}
2026-01-18 11:11:47 | INFO | timeform_forecast salvo em C:\Users\marce\Desktop\MktFeeder\data\raw\timeform_forecast\timeform_forecast_2026-01-18.csv
2026-01-18 11:11:47 | INFO | TOP3 salvo em C:\Users\marce\Desktop\MktFeeder\data\output\top3\top3_2026-01-18.csv
2026-01-18 11:11:47 | INFO | FORECAST salvo em C:\Users\marce\Desktop\MktFeeder\data\output\forecast\forecast_2026-01-18.csv
2026-01-18 11:14:59 | INFO | Coletando Timeform (forecast + verdict)...
2026-01-18 11:14:59 | INFO | Iniciando raspagem Timeform (cards do dia).
2026-01-18 11:19:27 | INFO | Raspagem Timeform concluida. Corridas processadas: 110 | com top3: 110 | com betting forecast: 110 | puladas (passadas): 7
2026-01-18 11:19:27 | INFO | Distribuição de categorias (processadas): {'A7': 6, 'D3': 5, 'A3': 5, 'HP': 4, 'A5': 9, 'D2': 5, 'A8': 6, 'A4': 7, 'IV': 5, 'A9': 2, 'A6': 6, 'A2': 8, 'A10': 1, 'A1': 2, 'OR': 23, 'S1': 1, 'D5': 3, 'D1': 1, 'D4': 2, 'B2': 4, 'B4': 3, 'D6': 2}
2026-01-18 11:19:29 | INFO | timeform_forecast salvo em C:\Users\marce\Desktop\MktFeeder\data\raw\timeform_forecast\timeform_forecast_2026-01-18.csv
2026-01-18 11:19:29 | INFO | TOP3 salvo em C:\Users\marce\Desktop\MktFeeder\data\output\top3\top3_2026-01-18.csv
2026-01-18 11:19:29 | INFO | FORECAST salvo em C:\Users\marce\Desktop\MktFeeder\data\output\forecast\forecast_2026-01-18.csv
2026-01-18 11:19:29 | INFO | Arquivo fixo MarketFeeder atualizado: C:\Users\marce\Desktop\MktFeeder\data\output\marketfeeder\import_selections.txt
2026-01-18 11:19:29 | INFO | Histórico diário salvo: C:\Users\marce\Desktop\MktFeeder\data\output\marketfeeder\history\import_selections_2026-01-18.txt
2026-01-18 11:19:29 | INFO | Auditoria salva: C:\Users\marce\Desktop\MktFeeder\data\output\marketfeeder\history\import_selections_2026-01-18_audit.csv
2026-01-18 11:19:29 | INFO | Seleções por strategy_tag: {'BACK': 225, 'LAY': 66}
2026-01-18 11:19:29 | INFO | Distribuição de categorias (exportadas): {'A7': 6, 'D3': 5, 'A3': 5, 'HP': 4, 'A5': 9, 'D2': 5, 'A8': 6, 'A4': 7, 'A9': 2, 'A6': 6, 'A2': 8, 'A10': 1, 'A1': 2, 'OR': 23, 'D5': 3, 'D1': 1, 'D4': 2, 'D6': 2}
2026-01-18 11:19:29 | INFO | Corridas ignoradas por categoria não elegível: 13 | categorias: {'IV': 5, 'S1': 1, 'B2': 4, 'B4': 3}
2026-01-18 11:19:29 | INFO | Arquivos gerados: TOP3=(110, 8) | FORECAST=(110, 11) | MF_Fixo=C:\Users\marce\Desktop\MktFeeder\data\output\marketfeeder\import_selections.txt | MF_Hist=C:\Users\marce\Desktop\MktFeeder\data\output\marketfeeder\history\import_selections_2026-01-18.txt | Audit=C:\Users\marce\Desktop\MktFeeder\data\output\marketfeeder\history\import_selections_2026-01-18_audit.csv
2026-01-18 11:19:29 | INFO | Total de selecoes exportadas: 291
2026-01-18 11:19:29 | INFO | Resumo: corridas futuras exportadas=97 | corridas ignoradas (passadas)=7 | corridas ignoradas (forecast incompleto)=0 | selecoes=291
2026-01-18 11:19:29 | INFO | Selecoes por strategy_tag: {'BACK': 225, 'LAY': 66}
2026-01-18 11:19:29 | INFO | Corridas por strategy_tag: BACK=75 | LAY=22
2026-01-18 11:19:29 | INFO | Selecoes por strategy_tag: BACK=225 | LAY=66
2026-01-18 11:19:29 | INFO | Categorias exportadas (forecast elegível): {'A7': 6, 'D3': 5, 'A3': 5, 'HP': 4, 'A5': 9, 'D2': 5, 'A8': 6, 'A4': 7, 'A9': 2, 'A6': 6, 'A2': 8, 'A10': 1, 'A1': 2, 'OR': 23, 'D5': 3, 'D1': 1, 'D4': 2, 'D6': 2}
2026-01-18 11:19:29 | INFO | Corridas ignoradas por categoria não elegível: 13 | categorias: {'IV': 5, 'S1': 1, 'B2': 4, 'B4': 3}
2026-01-18 11:19:29 | INFO | Corridas processadas pelo scrape: 110
